<?xml version="1.0" encoding="UTF-8"?>
<!-- Generated by org.testng.reporters.JUnitReportReporter -->
<testsuite skipped="0" hostname="DESKTOP-2SLJG27" name="testCases.PracticeTest" tests="2" failures="0" timestamp="2020-02-01T22:49:43 IST" time="5.224" errors="0">
  <testcase name="CheckBox" time="2.848" classname="testCases.PracticeTest"/>
  <system-out/>
  <testcase name="PopupHandle" time="2.376" classname="testCases.PracticeTest"/>
  <system-out/>
</testsuite> <!-- testCases.PracticeTest -->
