<?xml version="1.0" encoding="UTF-8"?>
<!-- Generated by org.testng.reporters.JUnitReportReporter -->
<testsuite skipped="0" hostname="DESKTOP-2SLJG27" name="testCases.ContactTest" tests="1" failures="0" timestamp="2020-02-01T22:49:43 IST" time="11.530" errors="0">
  <testcase name="getContact" time="11.530" classname="testCases.ContactTest"/>
  <system-out/>
</testsuite> <!-- testCases.ContactTest -->
