<?xml version="1.0" encoding="UTF-8"?>
<!-- Generated by org.testng.reporters.JUnitReportReporter -->
<testsuite skipped="0" hostname="DESKTOP-2SLJG27" name="testCases.HomePage" tests="3" failures="0" timestamp="2020-02-01T22:49:43 IST" time="47.207" errors="0">
  <testcase name="basepageNavigationUsingDataProvider" time="18.074" classname="testCases.HomePage"/>
  <system-out/>
  <testcase name="basepageNavigationUsingExcelData" time="13.279" classname="testCases.HomePage"/>
  <system-out/>
  <testcase name="basepageNavigationUsingDataProvider" time="15.854" classname="testCases.HomePage"/>
  <system-out/>
</testsuite> <!-- testCases.HomePage -->
