<?xml version="1.0" encoding="UTF-8"?>
<!-- Generated by org.testng.reporters.JUnitReportReporter -->
<testsuite skipped="0" hostname="DESKTOP-2SLJG27" name="testCases.NavigationTest" tests="1" failures="0" timestamp="2020-02-01T22:49:43 IST" time="9.058" errors="0">
  <testcase name="navigations" time="9.058" classname="testCases.NavigationTest"/>
  <system-out/>
</testsuite> <!-- testCases.NavigationTest -->
