<?xml version="1.0" encoding="UTF-8"?>
<!-- Generated by org.testng.reporters.JUnitReportReporter -->
<testsuite skipped="0" hostname="DESKTOP-2SLJG27" name="testCases.TableTest" tests="1" failures="0" timestamp="2020-02-01T22:49:43 IST" time="1.969" errors="0">
  <testcase name="tableSortig" time="1.969" classname="testCases.TableTest"/>
  <system-out/>
</testsuite> <!-- testCases.TableTest -->
